# JRE version: OpenJDK Runtime Environment (11.0.11) (build 11.0.11+0-b60-7590822)
# Java VM: OpenJDK 64-Bit Server VM (11.0.11+0-b60-7590822, mixed mode, tiered, compressed oops, g1 gc, linux-amd64)
Heap:
 garbage-first heap   total 251904K, used 198552K [0x0000000080000000, 0x0000000100000000)
  region size 1024K, 93 young (95232K), 11 survivors (11264K)
 Metaspace       used 107802K, capacity 110661K, committed 110740K, reserved 1144832K
  class space    used 13817K, capacity 14879K, committed 14924K, reserved 1048576K
GC Heap History (20 events):
Event: 4.218 GC heap before
{Heap before GC invocations=10 (full 0):
 garbage-first heap   total 157696K, used 119503K [0x0000000080000000, 0x0000000100000000)
  region size 1024K, 78 young (79872K), 9 survivors (9216K)
 Metaspace       used 45883K, capacity 47239K, committed 47636K, reserved 1091584K
  class space    used 5841K, capacity 6291K, committed 6348K, reserved 1048576K
}
Event: 4.229 GC heap after
{Heap after GC invocations=11 (full 0):
 garbage-first heap   total 157696K, used 53807K [0x0000000080000000, 0x0000000100000000)
  region size 1024K, 10 young (10240K), 10 survivors (10240K)
 Metaspace       used 45883K, capacity 47239K, committed 47636K, reserved 1091584K
  class space    used 5841K, capacity 6291K, committed 6348K, reserved 1048576K
}
Event: 5.119 GC heap before
{Heap before GC invocations=11 (full 0):
 garbage-first heap   total 157696K, used 118319K [0x0000000080000000, 0x0000000100000000)
  region size 1024K, 74 young (75776K), 10 survivors (10240K)
 Metaspace       used 49572K, capacity 51045K, committed 51348K, reserved 1093632K
  class space    used 6353K, capacity 6875K, committed 6988K, reserved 1048576K
}
Event: 5.130 GC heap after
{Heap after GC invocations=12 (full 0):
 garbage-first heap   total 209920K, used 56870K [0x0000000080000000, 0x0000000100000000)
  region size 1024K, 3 young (3072K), 3 survivors (3072K)
 Metaspace       used 49572K, capacity 51045K, committed 51348K, reserved 1093632K
  class space    used 6353K, capacity 6875K, committed 6988K, reserved 1048576K
}
Event: 6.190 GC heap before
{Heap before GC invocations=12 (full 0):
 garbage-first heap   total 209920K, used 141862K [0x0000000080000000, 0x0000000100000000)
  region size 1024K, 82 young (83968K), 3 survivors (3072K)
 Metaspace       used 56705K, capacity 58446K, committed 58772K, reserved 1099776K
  class space    used 7307K, capacity 7889K, committed 8012K, reserved 1048576K
}
Event: 6.202 GC heap after
{Heap after GC invocations=13 (full 0):
 garbage-first heap   total 209920K, used 70559K [0x0000000080000000, 0x0000000100000000)
  region size 1024K, 11 young (11264K), 11 survivors (11264K)
 Metaspace       used 56705K, capacity 58446K, committed 58772K, reserved 1099776K
  class space    used 7307K, capacity 7889K, committed 8012K, reserved 1048576K
}
Event: 7.280 GC heap before
{Heap before GC invocations=13 (full 0):
 garbage-first heap   total 209920K, used 152479K [0x0000000080000000, 0x0000000100000000)
  region size 1024K, 92 young (94208K), 11 survivors (11264K)
 Metaspace       used 66826K, capacity 68667K, committed 69012K, reserved 1110016K
  class space    used 8566K, capacity 9198K, committed 9292K, reserved 1048576K
}
Event: 7.309 GC heap after
{Heap after GC invocations=14 (full 0):
 garbage-first heap   total 209920K, used 76086K [0x0000000080000000, 0x0000000100000000)
  region size 1024K, 6 young (6144K), 6 survivors (6144K)
 Metaspace       used 66826K, capacity 68667K, committed 69012K, reserved 1110016K
  class space    used 8566K, capacity 9198K, committed 9292K, reserved 1048576K
}
Event: 7.668 GC heap before
{Heap before GC invocations=14 (full 0):
 garbage-first heap   total 209920K, used 108854K [0x0000000080000000, 0x0000000100000000)
  region size 1024K, 38 young (38912K), 6 survivors (6144K)
 Metaspace       used 69574K, capacity 71403K, committed 71700K, reserved 1112064K
  class space    used 8923K, capacity 9570K, committed 9676K, reserved 1048576K
}
Event: 7.685 GC heap after
{Heap after GC invocations=15 (full 0):
 garbage-first heap   total 209920K, used 77000K [0x0000000080000000, 0x0000000100000000)
  region size 1024K, 7 young (7168K), 7 survivors (7168K)
 Metaspace       used 69574K, capacity 71403K, committed 71700K, reserved 1112064K
  class space    used 8923K, capacity 9570K, committed 9676K, reserved 1048576K
}
Event: 8.558 GC heap before
{Heap before GC invocations=16 (full 0):
 garbage-first heap   total 209920K, used 159944K [0x0000000080000000, 0x0000000100000000)
  region size 1024K, 88 young (90112K), 7 survivors (7168K)
 Metaspace       used 75586K, capacity 77619K, committed 78100K, reserved 1116160K
  class space    used 9872K, capacity 10572K, committed 10700K, reserved 1048576K
}
Event: 8.583 GC heap after
{Heap after GC invocations=17 (full 0):
 garbage-first heap   total 251904K, used 82985K [0x0000000080000000, 0x0000000100000000)
  region size 1024K, 8 young (8192K), 8 survivors (8192K)
 Metaspace       used 75586K, capacity 77619K, committed 78100K, reserved 1116160K
  class space    used 9872K, capacity 10572K, committed 10700K, reserved 1048576K
}
Event: 9.531 GC heap before
{Heap before GC invocations=18 (full 0):
 garbage-first heap   total 251904K, used 187433K [0x0000000080000000, 0x0000000100000000)
  region size 1024K, 102 young (104448K), 8 survivors (8192K)
 Metaspace       used 81668K, capacity 83899K, committed 83988K, reserved 1122304K
  class space    used 10693K, capacity 11434K, committed 11468K, reserved 1048576K
}
Event: 9.542 GC heap after
{Heap after GC invocations=19 (full 0):
 garbage-first heap   total 251904K, used 99882K [0x0000000080000000, 0x0000000100000000)
  region size 1024K, 13 young (13312K), 13 survivors (13312K)
 Metaspace       used 81668K, capacity 83899K, committed 83988K, reserved 1122304K
  class space    used 10693K, capacity 11434K, committed 11468K, reserved 1048576K
}
Event: 10.775 GC heap before
{Heap before GC invocations=19 (full 0):
 garbage-first heap   total 251904K, used 197162K [0x0000000080000000, 0x0000000100000000)
  region size 1024K, 108 young (110592K), 13 survivors (13312K)
 Metaspace       used 94557K, capacity 96915K, committed 97172K, reserved 1134592K
  class space    used 12251K, capacity 13059K, committed 13132K, reserved 1048576K
}
Event: 10.803 GC heap after
{Heap after GC invocations=20 (full 0):
 garbage-first heap   total 251904K, used 106679K [0x0000000080000000, 0x0000000100000000)
  region size 1024K, 7 young (7168K), 7 survivors (7168K)
 Metaspace       used 94557K, capacity 96915K, committed 97172K, reserved 1134592K
  class space    used 12251K, capacity 13059K, committed 13132K, reserved 1048576K
}
Event: 20.420 GC heap before
{Heap before GC invocations=20 (full 0):
 garbage-first heap   total 251904K, used 200887K [0x0000000080000000, 0x0000000100000000)
  region size 1024K, 100 young (102400K), 7 survivors (7168K)
 Metaspace       used 100856K, capacity 103473K, committed 103700K, reserved 1138688K
  class space    used 13008K, capacity 13912K, committed 14028K, reserved 1048576K
}
Event: 20.448 GC heap after
{Heap after GC invocations=21 (full 0):
 garbage-first heap   total 251904K, used 111287K [0x0000000080000000, 0x0000000100000000)
  region size 1024K, 11 young (11264K), 11 survivors (11264K)
 Metaspace       used 100856K, capacity 103473K, committed 103700K, reserved 1138688K
  class space    used 13008K, capacity 13912K, committed 14028K, reserved 1048576K
}
Event: 28.298 GC heap before
{Heap before GC invocations=21 (full 0):
 garbage-first heap   total 251904K, used 203447K [0x0000000080000000, 0x0000000100000000)
  region size 1024K, 102 young (104448K), 11 survivors (11264K)
 Metaspace       used 106410K, capacity 109122K, committed 109332K, reserved 1144832K
  class space    used 13700K, capacity 14718K, committed 14796K, reserved 1048576K
}
Event: 28.326 GC heap after
{Heap after GC invocations=22 (full 0):
 garbage-first heap   total 251904K, used 116632K [0x0000000080000000, 0x0000000100000000)
  region size 1024K, 11 young (11264K), 11 survivors (11264K)
 Metaspace       used 106410K, capacity 109122K, committed 109332K, reserved 1144832K
  class space    used 13700K, capacity 14718K, committed 14796K, reserved 1048576K
}

