# JRE version: OpenJDK Runtime Environment (11.0.11) (build 11.0.11+0-b60-7590822)
# Java VM: OpenJDK 64-Bit Server VM (11.0.11+0-b60-7590822, mixed mode, tiered, compressed oops, g1 gc, linux-amd64)
Heap:
 garbage-first heap   total 478208K, used 354110K [0x0000000080000000, 0x0000000100000000)
  region size 1024K, 173 young (177152K), 7 survivors (7168K)
 Metaspace       used 141565K, capacity 146153K, committed 146764K, reserved 1177600K
  class space    used 17458K, capacity 19164K, committed 19328K, reserved 1048576K
GC Heap History (20 events):
Event: 6483.033 GC heap before
{Heap before GC invocations=112 (full 0):
 garbage-first heap   total 478208K, used 163552K [0x0000000080000000, 0x0000000100000000)
  region size 1024K, 9 young (9216K), 2 survivors (2048K)
 Metaspace       used 139459K, capacity 143634K, committed 143820K, reserved 1173504K
  class space    used 17292K, capacity 18850K, committed 18944K, reserved 1048576K
}
Event: 6483.038 GC heap after
{Heap after GC invocations=113 (full 0):
 garbage-first heap   total 478208K, used 157615K [0x0000000080000000, 0x0000000100000000)
  region size 1024K, 1 young (1024K), 1 survivors (1024K)
 Metaspace       used 139459K, capacity 143634K, committed 143820K, reserved 1173504K
  class space    used 17292K, capacity 18850K, committed 18944K, reserved 1048576K
}
Event: 6663.243 GC heap before
{Heap before GC invocations=114 (full 0):
 garbage-first heap   total 478208K, used 375727K [0x0000000080000000, 0x0000000100000000)
  region size 1024K, 189 young (193536K), 1 survivors (1024K)
 Metaspace       used 140117K, capacity 144419K, committed 144716K, reserved 1175552K
  class space    used 17352K, capacity 18959K, committed 19072K, reserved 1048576K
}
Event: 6663.263 GC heap after
{Heap after GC invocations=115 (full 0):
 garbage-first heap   total 478208K, used 166191K [0x0000000080000000, 0x0000000100000000)
  region size 1024K, 7 young (7168K), 7 survivors (7168K)
 Metaspace       used 140117K, capacity 144419K, committed 144716K, reserved 1175552K
  class space    used 17352K, capacity 18959K, committed 19072K, reserved 1048576K
}
Event: 6663.310 GC heap before
{Heap before GC invocations=115 (full 0):
 garbage-first heap   total 478208K, used 183599K [0x0000000080000000, 0x0000000100000000)
  region size 1024K, 23 young (23552K), 7 survivors (7168K)
 Metaspace       used 140147K, capacity 144549K, committed 144716K, reserved 1175552K
  class space    used 17352K, capacity 18959K, committed 19072K, reserved 1048576K
}
Event: 6663.320 GC heap after
{Heap after GC invocations=116 (full 0):
 garbage-first heap   total 478208K, used 158739K [0x0000000080000000, 0x0000000100000000)
  region size 1024K, 3 young (3072K), 3 survivors (3072K)
 Metaspace       used 140147K, capacity 144549K, committed 144716K, reserved 1175552K
  class space    used 17352K, capacity 18959K, committed 19072K, reserved 1048576K
}
Event: 6663.446 GC heap before
{Heap before GC invocations=116 (full 0):
 garbage-first heap   total 478208K, used 193555K [0x0000000080000000, 0x0000000100000000)
  region size 1024K, 38 young (38912K), 3 survivors (3072K)
 Metaspace       used 140191K, capacity 144553K, committed 144716K, reserved 1175552K
  class space    used 17352K, capacity 18959K, committed 19072K, reserved 1048576K
}
Event: 6663.463 GC heap after
{Heap after GC invocations=117 (full 0):
 garbage-first heap   total 478208K, used 162315K [0x0000000080000000, 0x0000000100000000)
  region size 1024K, 7 young (7168K), 7 survivors (7168K)
 Metaspace       used 140191K, capacity 144553K, committed 144716K, reserved 1175552K
  class space    used 17352K, capacity 18959K, committed 19072K, reserved 1048576K
}
Event: 6804.935 GC heap before
{Heap before GC invocations=118 (full 0):
 garbage-first heap   total 478208K, used 368139K [0x0000000080000000, 0x0000000100000000)
  region size 1024K, 191 young (195584K), 7 survivors (7168K)
 Metaspace       used 140817K, capacity 145238K, committed 145356K, reserved 1175552K
  class space    used 17430K, capacity 19103K, committed 19200K, reserved 1048576K
}
Event: 6804.951 GC heap after
{Heap after GC invocations=119 (full 0):
 garbage-first heap   total 478208K, used 172051K [0x0000000080000000, 0x0000000100000000)
  region size 1024K, 15 young (15360K), 15 survivors (15360K)
 Metaspace       used 140817K, capacity 145238K, committed 145356K, reserved 1175552K
  class space    used 17430K, capacity 19103K, committed 19200K, reserved 1048576K
}
Event: 6804.968 GC heap before
{Heap before GC invocations=119 (full 0):
 garbage-first heap   total 478208K, used 179219K [0x0000000080000000, 0x0000000100000000)
  region size 1024K, 23 young (23552K), 15 survivors (15360K)
 Metaspace       used 140817K, capacity 145238K, committed 145356K, reserved 1175552K
  class space    used 17430K, capacity 19103K, committed 19200K, reserved 1048576K
}
Event: 6804.986 GC heap after
{Heap after GC invocations=120 (full 0):
 garbage-first heap   total 478208K, used 166234K [0x0000000080000000, 0x0000000100000000)
  region size 1024K, 3 young (3072K), 3 survivors (3072K)
 Metaspace       used 140817K, capacity 145238K, committed 145356K, reserved 1175552K
  class space    used 17430K, capacity 19103K, committed 19200K, reserved 1048576K
}
Event: 6805.295 GC heap before
{Heap before GC invocations=120 (full 0):
 garbage-first heap   total 478208K, used 227674K [0x0000000080000000, 0x0000000100000000)
  region size 1024K, 65 young (66560K), 3 survivors (3072K)
 Metaspace       used 141161K, capacity 145765K, committed 145996K, reserved 1175552K
  class space    used 17489K, capacity 19212K, committed 19328K, reserved 1048576K
}
Event: 6805.317 GC heap after
{Heap after GC invocations=121 (full 0):
 garbage-first heap   total 478208K, used 171269K [0x0000000080000000, 0x0000000100000000)
  region size 1024K, 8 young (8192K), 8 survivors (8192K)
 Metaspace       used 141161K, capacity 145765K, committed 145996K, reserved 1175552K
  class space    used 17489K, capacity 19212K, committed 19328K, reserved 1048576K
}
Event: 7016.453 GC heap before
{Heap before GC invocations=122 (full 0):
 garbage-first heap   total 478208K, used 393477K [0x0000000080000000, 0x0000000100000000)
  region size 1024K, 198 young (202752K), 8 survivors (8192K)
 Metaspace       used 141538K, capacity 146119K, committed 146508K, reserved 1177600K
  class space    used 17490K, capacity 19215K, committed 19328K, reserved 1048576K
}
Event: 7016.471 GC heap after
{Heap after GC invocations=123 (full 0):
 garbage-first heap   total 478208K, used 183570K [0x0000000080000000, 0x0000000100000000)
  region size 1024K, 16 young (16384K), 16 survivors (16384K)
 Metaspace       used 141538K, capacity 146119K, committed 146508K, reserved 1177600K
  class space    used 17490K, capacity 19215K, committed 19328K, reserved 1048576K
}
Event: 7016.488 GC heap before
{Heap before GC invocations=123 (full 0):
 garbage-first heap   total 478208K, used 190738K [0x0000000080000000, 0x0000000100000000)
  region size 1024K, 23 young (23552K), 16 survivors (16384K)
 Metaspace       used 141540K, capacity 146119K, committed 146508K, reserved 1177600K
  class space    used 17490K, capacity 19215K, committed 19328K, reserved 1048576K
}
Event: 7016.509 GC heap after
{Heap after GC invocations=124 (full 0):
 garbage-first heap   total 478208K, used 169278K [0x0000000080000000, 0x0000000100000000)
  region size 1024K, 3 young (3072K), 3 survivors (3072K)
 Metaspace       used 141540K, capacity 146119K, committed 146508K, reserved 1177600K
  class space    used 17490K, capacity 19215K, committed 19328K, reserved 1048576K
}
Event: 7016.632 GC heap before
{Heap before GC invocations=124 (full 0):
 garbage-first heap   total 478208K, used 207166K [0x0000000080000000, 0x0000000100000000)
  region size 1024K, 41 young (41984K), 3 survivors (3072K)
 Metaspace       used 141568K, capacity 146186K, committed 146508K, reserved 1177600K
  class space    used 17490K, capacity 19215K, committed 19328K, reserved 1048576K
}
Event: 7016.654 GC heap after
{Heap after GC invocations=125 (full 0):
 garbage-first heap   total 478208K, used 173886K [0x0000000080000000, 0x0000000100000000)
  region size 1024K, 7 young (7168K), 7 survivors (7168K)
 Metaspace       used 141568K, capacity 146186K, committed 146508K, reserved 1177600K
  class space    used 17490K, capacity 19215K, committed 19328K, reserved 1048576K
}

